<?xml version="1.0" encoding="UTF-8"?>
<!-- Generated by org.testng.reporters.JUnitReportReporter -->
<testsuite hostname="LAPTOP-2D3J9P0U" failures="0" tests="2" name="com.demoqa.tests.PracticeFormTest" time="89.077" errors="0" timestamp="2024-09-27T10:48:27 ICT" skipped="0">
  <testcase classname="com.demoqa.tests.PracticeFormTest" name="happyFlowTest" time="29.191"/>
  <system-out/>
  <testcase classname="com.demoqa.tests.PracticeFormTest" name="unhappyFlowTest" time="59.886"/>
  <system-out/>
</testsuite> <!-- com.demoqa.tests.PracticeFormTest -->
